{"/home/dwiki/Project/alhikmah-attendance-mobile/src/api/attendance.ts": {"path":"/home/dwiki/Project/alhikmah-attendance-mobile/src/api/attendance.ts","statementMap":{"0":{"start":{"line":16,"column":32},"end":{"line":28,"column":1}},"1":{"start":{"line":17,"column":2},"end":{"line":27,"column":3}},"2":{"start":{"line":18,"column":21},"end":{"line":20,"column":6}},"3":{"start":{"line":21,"column":4},"end":{"line":21,"column":25}},"4":{"start":{"line":23,"column":4},"end":{"line":25,"column":5}},"5":{"start":{"line":24,"column":6},"end":{"line":24,"column":33}},"6":{"start":{"line":26,"column":4},"end":{"line":26,"column":75}}},"fnMap":{"0":{"name":"(anonymous_0)","decl":{"start":{"line":16,"column":32},"end":{"line":16,"column":33}},"loc":{"start":{"line":16,"column":85},"end":{"line":28,"column":1}},"line":16}},"branchMap":{"0":{"loc":{"start":{"line":23,"column":4},"end":{"line":25,"column":5}},"type":"if","locations":[{"start":{"line":23,"column":4},"end":{"line":25,"column":5}},{"start":{},"end":{}}],"line":23}},"s":{"0":2,"1":3,"2":3,"3":1,"4":2,"5":1,"6":1},"f":{"0":3},"b":{"0":[1,1]},"_coverageSchema":"1a1c01bbd47fc00a2c39e90264f33305004495a9","hash":"0e7326660a412996751d90b1ae36eb48094da088"}
,"/home/dwiki/Project/alhikmah-attendance-mobile/src/api/auth.ts": {"path":"/home/dwiki/Project/alhikmah-attendance-mobile/src/api/auth.ts","statementMap":{"0":{"start":{"line":19,"column":21},"end":{"line":37,"column":1}},"1":{"start":{"line":20,"column":2},"end":{"line":36,"column":3}},"2":{"start":{"line":21,"column":21},"end":{"line":24,"column":6}},"3":{"start":{"line":26,"column":4},"end":{"line":28,"column":5}},"4":{"start":{"line":27,"column":6},"end":{"line":27,"column":48}},"5":{"start":{"line":30,"column":4},"end":{"line":30,"column":25}},"6":{"start":{"line":32,"column":4},"end":{"line":34,"column":5}},"7":{"start":{"line":33,"column":6},"end":{"line":33,"column":50}},"8":{"start":{"line":35,"column":4},"end":{"line":35,"column":16}},"9":{"start":{"line":39,"column":22},"end":{"line":47,"column":1}},"10":{"start":{"line":40,"column":2},"end":{"line":46,"column":3}},"11":{"start":{"line":41,"column":4},"end":{"line":41,"column":38}},"12":{"start":{"line":43,"column":4},"end":{"line":43,"column":69}},"13":{"start":{"line":45,"column":4},"end":{"line":45,"column":24}}},"fnMap":{"0":{"name":"(anonymous_0)","decl":{"start":{"line":19,"column":21},"end":{"line":19,"column":22}},"loc":{"start":{"line":19,"column":91},"end":{"line":37,"column":1}},"line":19},"1":{"name":"(anonymous_1)","decl":{"start":{"line":39,"column":22},"end":{"line":39,"column":23}},"loc":{"start":{"line":39,"column":49},"end":{"line":47,"column":1}},"line":39}},"branchMap":{"0":{"loc":{"start":{"line":26,"column":4},"end":{"line":28,"column":5}},"type":"if","locations":[{"start":{"line":26,"column":4},"end":{"line":28,"column":5}},{"start":{},"end":{}}],"line":26},"1":{"loc":{"start":{"line":26,"column":8},"end":{"line":26,"column":58}},"type":"binary-expr","locations":[{"start":{"line":26,"column":8},"end":{"line":26,"column":29}},{"start":{"line":26,"column":33},"end":{"line":26,"column":58}}],"line":26},"2":{"loc":{"start":{"line":32,"column":4},"end":{"line":34,"column":5}},"type":"if","locations":[{"start":{"line":32,"column":4},"end":{"line":34,"column":5}},{"start":{},"end":{}}],"line":32}},"s":{"0":2,"1":3,"2":3,"3":1,"4":1,"5":1,"6":2,"7":1,"8":1,"9":2,"10":2,"11":2,"12":1,"13":2},"f":{"0":3,"1":2},"b":{"0":[1,0],"1":[1,1],"2":[1,1]},"_coverageSchema":"1a1c01bbd47fc00a2c39e90264f33305004495a9","hash":"3ad4556fbf64d989ddcd4041cc58404e5b07e5bc"}
,"/home/dwiki/Project/alhikmah-attendance-mobile/src/api/client.ts": {"path":"/home/dwiki/Project/alhikmah-attendance-mobile/src/api/client.ts","statementMap":{"0":{"start":{"line":5,"column":18},"end":{"line":27,"column":1}},"1":{"start":{"line":7,"column":2},"end":{"line":9,"column":3}},"2":{"start":{"line":8,"column":4},"end":{"line":8,"column":43}},"3":{"start":{"line":12,"column":2},"end":{"line":22,"column":3}},"4":{"start":{"line":13,"column":16},"end":{"line":13,"column":27}},"5":{"start":{"line":14,"column":22},"end":{"line":14,"column":57}},"6":{"start":{"line":15,"column":4},"end":{"line":20,"column":5}},"7":{"start":{"line":16,"column":20},"end":{"line":16,"column":57}},"8":{"start":{"line":17,"column":6},"end":{"line":19,"column":7}},"9":{"start":{"line":18,"column":8},"end":{"line":18,"column":48}},"10":{"start":{"line":21,"column":4},"end":{"line":21,"column":42}},"11":{"start":{"line":26,"column":2},"end":{"line":26,"column":51}},"12":{"start":{"line":29,"column":21},"end":{"line":29,"column":32}},"13":{"start":{"line":31,"column":15},"end":{"line":37,"column":2}},"14":{"start":{"line":40,"column":0},"end":{"line":51,"column":2}},"15":{"start":{"line":42,"column":18},"end":{"line":42,"column":34}},"16":{"start":{"line":43,"column":4},"end":{"line":45,"column":5}},"17":{"start":{"line":44,"column":6},"end":{"line":44,"column":55}},"18":{"start":{"line":46,"column":4},"end":{"line":46,"column":18}},"19":{"start":{"line":49,"column":4},"end":{"line":49,"column":33}},"20":{"start":{"line":54,"column":0},"end":{"line":63,"column":2}},"21":{"start":{"line":55,"column":16},"end":{"line":55,"column":24}},"22":{"start":{"line":57,"column":4},"end":{"line":60,"column":5}},"23":{"start":{"line":58,"column":6},"end":{"line":58,"column":26}},"24":{"start":{"line":61,"column":4},"end":{"line":61,"column":33}}},"fnMap":{"0":{"name":"(anonymous_0)","decl":{"start":{"line":5,"column":18},"end":{"line":5,"column":19}},"loc":{"start":{"line":5,"column":24},"end":{"line":27,"column":1}},"line":5},"1":{"name":"(anonymous_1)","decl":{"start":{"line":41,"column":2},"end":{"line":41,"column":3}},"loc":{"start":{"line":41,"column":20},"end":{"line":47,"column":3}},"line":41},"2":{"name":"(anonymous_2)","decl":{"start":{"line":48,"column":2},"end":{"line":48,"column":3}},"loc":{"start":{"line":48,"column":13},"end":{"line":50,"column":3}},"line":48},"3":{"name":"(anonymous_3)","decl":{"start":{"line":55,"column":2},"end":{"line":55,"column":3}},"loc":{"start":{"line":55,"column":16},"end":{"line":55,"column":24}},"line":55},"4":{"name":"(anonymous_4)","decl":{"start":{"line":56,"column":2},"end":{"line":56,"column":3}},"loc":{"start":{"line":56,"column":19},"end":{"line":62,"column":3}},"line":56}},"branchMap":{"0":{"loc":{"start":{"line":7,"column":2},"end":{"line":9,"column":3}},"type":"if","locations":[{"start":{"line":7,"column":2},"end":{"line":9,"column":3}},{"start":{},"end":{}}],"line":7},"1":{"loc":{"start":{"line":12,"column":2},"end":{"line":22,"column":3}},"type":"if","locations":[{"start":{"line":12,"column":2},"end":{"line":22,"column":3}},{"start":{},"end":{}}],"line":12},"2":{"loc":{"start":{"line":15,"column":4},"end":{"line":20,"column":5}},"type":"if","locations":[{"start":{"line":15,"column":4},"end":{"line":20,"column":5}},{"start":{},"end":{}}],"line":15},"3":{"loc":{"start":{"line":17,"column":6},"end":{"line":19,"column":7}},"type":"if","locations":[{"start":{"line":17,"column":6},"end":{"line":19,"column":7}},{"start":{},"end":{}}],"line":17},"4":{"loc":{"start":{"line":43,"column":4},"end":{"line":45,"column":5}},"type":"if","locations":[{"start":{"line":43,"column":4},"end":{"line":45,"column":5}},{"start":{},"end":{}}],"line":43},"5":{"loc":{"start":{"line":43,"column":8},"end":{"line":43,"column":31}},"type":"binary-expr","locations":[{"start":{"line":43,"column":8},"end":{"line":43,"column":13}},{"start":{"line":43,"column":17},"end":{"line":43,"column":31}}],"line":43},"6":{"loc":{"start":{"line":57,"column":4},"end":{"line":60,"column":5}},"type":"if","locations":[{"start":{"line":57,"column":4},"end":{"line":60,"column":5}},{"start":{},"end":{}}],"line":57}},"s":{"0":2,"1":2,"2":0,"3":2,"4":2,"5":2,"6":2,"7":0,"8":0,"9":0,"10":2,"11":0,"12":2,"13":2,"14":2,"15":2,"16":2,"17":1,"18":2,"19":0,"20":2,"21":1,"22":2,"23":1,"24":2},"f":{"0":2,"1":2,"2":0,"3":1,"4":2},"b":{"0":[0,2],"1":[2,0],"2":[0,2],"3":[0,0],"4":[1,1],"5":[2,1],"6":[1,1]},"_coverageSchema":"1a1c01bbd47fc00a2c39e90264f33305004495a9","hash":"fa39fc50ddf17befd57b3e32ddacfde6de520704"}
,"/home/dwiki/Project/alhikmah-attendance-mobile/src/screens/LoginScreen.tsx": {"path":"/home/dwiki/Project/alhikmah-attendance-mobile/src/screens/LoginScreen.tsx","statementMap":{"0":{"start":{"line":26,"column":34},"end":{"line":26,"column":46}},"1":{"start":{"line":27,"column":34},"end":{"line":27,"column":46}},"2":{"start":{"line":28,"column":42},"end":{"line":28,"column":57}},"3":{"start":{"line":29,"column":36},"end":{"line":29,"column":51}},"4":{"start":{"line":30,"column":21},"end":{"line":30,"column":63}},"5":{"start":{"line":32,"column":22},"end":{"line":52,"column":3}},"6":{"start":{"line":33,"column":4},"end":{"line":36,"column":5}},"7":{"start":{"line":34,"column":6},"end":{"line":34,"column":69}},"8":{"start":{"line":35,"column":6},"end":{"line":35,"column":13}},"9":{"start":{"line":38,"column":4},"end":{"line":38,"column":23}},"10":{"start":{"line":39,"column":4},"end":{"line":51,"column":5}},"11":{"start":{"line":40,"column":23},"end":{"line":40,"column":54}},"12":{"start":{"line":42,"column":6},"end":{"line":46,"column":7}},"13":{"start":{"line":43,"column":8},"end":{"line":43,"column":38}},"14":{"start":{"line":45,"column":8},"end":{"line":45,"column":87}},"15":{"start":{"line":48,"column":6},"end":{"line":48,"column":89}},"16":{"start":{"line":50,"column":6},"end":{"line":50,"column":26}},"17":{"start":{"line":54,"column":2},"end":{"line":140,"column":4}},"18":{"start":{"line":99,"column":29},"end":{"line":99,"column":59}},"19":{"start":{"line":127,"column":27},"end":{"line":127,"column":83}},"20":{"start":{"line":143,"column":15},"end":{"line":254,"column":2}}},"fnMap":{"0":{"name":"LoginScreen","decl":{"start":{"line":25,"column":24},"end":{"line":25,"column":35}},"loc":{"start":{"line":25,"column":38},"end":{"line":141,"column":1}},"line":25},"1":{"name":"(anonymous_1)","decl":{"start":{"line":32,"column":22},"end":{"line":32,"column":23}},"loc":{"start":{"line":32,"column":34},"end":{"line":52,"column":3}},"line":32},"2":{"name":"(anonymous_2)","decl":{"start":{"line":99,"column":23},"end":{"line":99,"column":24}},"loc":{"start":{"line":99,"column":29},"end":{"line":99,"column":59}},"line":99},"3":{"name":"(anonymous_3)","decl":{"start":{"line":127,"column":19},"end":{"line":127,"column":20}},"loc":{"start":{"line":127,"column":25},"end":{"line":127,"column":85}},"line":127}},"branchMap":{"0":{"loc":{"start":{"line":33,"column":4},"end":{"line":36,"column":5}},"type":"if","locations":[{"start":{"line":33,"column":4},"end":{"line":36,"column":5}},{"start":{},"end":{}}],"line":33},"1":{"loc":{"start":{"line":33,"column":8},"end":{"line":33,"column":44}},"type":"binary-expr","locations":[{"start":{"line":33,"column":8},"end":{"line":33,"column":24}},{"start":{"line":33,"column":28},"end":{"line":33,"column":44}}],"line":33},"2":{"loc":{"start":{"line":42,"column":6},"end":{"line":46,"column":7}},"type":"if","locations":[{"start":{"line":42,"column":6},"end":{"line":46,"column":7}},{"start":{"line":44,"column":13},"end":{"line":46,"column":7}}],"line":42},"3":{"loc":{"start":{"line":45,"column":35},"end":{"line":45,"column":85}},"type":"binary-expr","locations":[{"start":{"line":45,"column":35},"end":{"line":45,"column":51}},{"start":{"line":45,"column":55},"end":{"line":45,"column":85}}],"line":45},"4":{"loc":{"start":{"line":48,"column":27},"end":{"line":48,"column":87}},"type":"binary-expr","locations":[{"start":{"line":48,"column":27},"end":{"line":48,"column":40}},{"start":{"line":48,"column":44},"end":{"line":48,"column":87}}],"line":48},"5":{"loc":{"start":{"line":57,"column":16},"end":{"line":57,"column":61}},"type":"cond-expr","locations":[{"start":{"line":57,"column":40},"end":{"line":57,"column":49}},{"start":{"line":57,"column":52},"end":{"line":57,"column":61}}],"line":57},"6":{"loc":{"start":{"line":103,"column":22},"end":{"line":103,"column":70}},"type":"cond-expr","locations":[{"start":{"line":103,"column":37},"end":{"line":103,"column":54}},{"start":{"line":103,"column":57},"end":{"line":103,"column":70}}],"line":103},"7":{"loc":{"start":{"line":113,"column":38},"end":{"line":113,"column":77}},"type":"binary-expr","locations":[{"start":{"line":113,"column":38},"end":{"line":113,"column":47}},{"start":{"line":113,"column":51},"end":{"line":113,"column":77}}],"line":113},"8":{"loc":{"start":{"line":117,"column":11},"end":{"line":121,"column":11}},"type":"cond-expr","locations":[{"start":{"line":118,"column":12},"end":{"line":118,"column":49}},{"start":{"line":120,"column":12},"end":{"line":120,"column":61}}],"line":117}},"s":{"0":12,"1":12,"2":12,"3":12,"4":12,"5":12,"6":3,"7":1,"8":1,"9":2,"10":2,"11":2,"12":2,"13":1,"14":1,"15":0,"16":2,"17":12,"18":0,"19":0,"20":1},"f":{"0":12,"1":3,"2":0,"3":0},"b":{"0":[1,2],"1":[3,2],"2":[1,1],"3":[1,0],"4":[0,0],"5":[12,0],"6":[0,12],"7":[12,2],"8":[2,10]},"_coverageSchema":"1a1c01bbd47fc00a2c39e90264f33305004495a9","hash":"72b468561acd9c92527ca634ae58f3db72fa57ab"}
,"/home/dwiki/Project/alhikmah-attendance-mobile/src/screens/ScannerScreen.tsx": {"path":"/home/dwiki/Project/alhikmah-attendance-mobile/src/screens/ScannerScreen.tsx","statementMap":{"0":{"start":{"line":27,"column":18},"end":{"line":27,"column":42}},"1":{"start":{"line":28,"column":22},"end":{"line":28,"column":33}},"2":{"start":{"line":31,"column":42},"end":{"line":31,"column":64}},"3":{"start":{"line":32,"column":38},"end":{"line":32,"column":53}},"4":{"start":{"line":33,"column":42},"end":{"line":33,"column":57}},"5":{"start":{"line":34,"column":30},"end":{"line":34,"column":64}},"6":{"start":{"line":35,"column":36},"end":{"line":35,"column":51}},"7":{"start":{"line":36,"column":21},"end":{"line":36,"column":65}},"8":{"start":{"line":38,"column":20},"end":{"line":38,"column":57}},"9":{"start":{"line":40,"column":2},"end":{"line":57,"column":18}},"10":{"start":{"line":41,"column":4},"end":{"line":56,"column":14}},"11":{"start":{"line":59,"column":21},"end":{"line":62,"column":4}},"12":{"start":{"line":65,"column":2},"end":{"line":80,"column":19}},"13":{"start":{"line":66,"column":4},"end":{"line":79,"column":7}},"14":{"start":{"line":73,"column":24},"end":{"line":73,"column":28}},"15":{"start":{"line":75,"column":8},"end":{"line":77,"column":27}},"16":{"start":{"line":82,"column":29},"end":{"line":84,"column":3}},"17":{"start":{"line":83,"column":4},"end":{"line":83,"column":66}},"18":{"start":{"line":83,"column":26},"end":{"line":83,"column":63}},"19":{"start":{"line":86,"column":22},"end":{"line":88,"column":3}},"20":{"start":{"line":87,"column":4},"end":{"line":87,"column":32}},"21":{"start":{"line":87,"column":25},"end":{"line":87,"column":30}},"22":{"start":{"line":90,"column":23},"end":{"line":106,"column":3}},"23":{"start":{"line":91,"column":4},"end":{"line":105,"column":6}},"24":{"start":{"line":100,"column":12},"end":{"line":100,"column":27}},"25":{"start":{"line":101,"column":12},"end":{"line":101,"column":40}},"26":{"start":{"line":108,"column":31},"end":{"line":142,"column":3}},"27":{"start":{"line":109,"column":4},"end":{"line":109,"column":43}},"28":{"start":{"line":109,"column":36},"end":{"line":109,"column":43}},"29":{"start":{"line":111,"column":4},"end":{"line":111,"column":24}},"30":{"start":{"line":112,"column":4},"end":{"line":112,"column":26}},"31":{"start":{"line":114,"column":4},"end":{"line":141,"column":5}},"32":{"start":{"line":116,"column":20},"end":{"line":116,"column":35}},"33":{"start":{"line":117,"column":6},"end":{"line":120,"column":7}},"34":{"start":{"line":118,"column":8},"end":{"line":118,"column":60}},"35":{"start":{"line":119,"column":8},"end":{"line":119,"column":15}},"36":{"start":{"line":122,"column":42},"end":{"line":122,"column":47}},"37":{"start":{"line":125,"column":23},"end":{"line":125,"column":51}},"38":{"start":{"line":127,"column":6},"end":{"line":131,"column":7}},"39":{"start":{"line":128,"column":8},"end":{"line":128,"column":101}},"40":{"start":{"line":130,"column":8},"end":{"line":130,"column":76}},"41":{"start":{"line":133,"column":23},"end":{"line":133,"column":69}},"42":{"start":{"line":134,"column":6},"end":{"line":134,"column":37}},"43":{"start":{"line":136,"column":6},"end":{"line":136,"column":29}},"44":{"start":{"line":138,"column":6},"end":{"line":140,"column":15}},"45":{"start":{"line":139,"column":8},"end":{"line":139,"column":29}},"46":{"start":{"line":144,"column":2},"end":{"line":151,"column":3}},"47":{"start":{"line":146,"column":4},"end":{"line":150,"column":6}},"48":{"start":{"line":153,"column":2},"end":{"line":164,"column":3}},"49":{"start":{"line":155,"column":4},"end":{"line":163,"column":6}},"50":{"start":{"line":166,"column":2},"end":{"line":208,"column":4}},"51":{"start":{"line":211,"column":15},"end":{"line":340,"column":2}}},"fnMap":{"0":{"name":"ScannerScreen","decl":{"start":{"line":30,"column":24},"end":{"line":30,"column":37}},"loc":{"start":{"line":30,"column":40},"end":{"line":209,"column":1}},"line":30},"1":{"name":"(anonymous_1)","decl":{"start":{"line":40,"column":12},"end":{"line":40,"column":13}},"loc":{"start":{"line":40,"column":18},"end":{"line":57,"column":3}},"line":40},"2":{"name":"(anonymous_2)","decl":{"start":{"line":65,"column":12},"end":{"line":65,"column":13}},"loc":{"start":{"line":65,"column":18},"end":{"line":80,"column":3}},"line":65},"3":{"name":"(anonymous_3)","decl":{"start":{"line":73,"column":18},"end":{"line":73,"column":19}},"loc":{"start":{"line":73,"column":24},"end":{"line":73,"column":28}},"line":73},"4":{"name":"(anonymous_4)","decl":{"start":{"line":74,"column":19},"end":{"line":74,"column":20}},"loc":{"start":{"line":75,"column":8},"end":{"line":77,"column":27}},"line":75},"5":{"name":"(anonymous_5)","decl":{"start":{"line":82,"column":29},"end":{"line":82,"column":30}},"loc":{"start":{"line":82,"column":35},"end":{"line":84,"column":3}},"line":82},"6":{"name":"(anonymous_6)","decl":{"start":{"line":83,"column":14},"end":{"line":83,"column":15}},"loc":{"start":{"line":83,"column":26},"end":{"line":83,"column":63}},"line":83},"7":{"name":"(anonymous_7)","decl":{"start":{"line":86,"column":22},"end":{"line":86,"column":23}},"loc":{"start":{"line":86,"column":28},"end":{"line":88,"column":3}},"line":86},"8":{"name":"(anonymous_8)","decl":{"start":{"line":87,"column":17},"end":{"line":87,"column":18}},"loc":{"start":{"line":87,"column":25},"end":{"line":87,"column":30}},"line":87},"9":{"name":"(anonymous_9)","decl":{"start":{"line":90,"column":23},"end":{"line":90,"column":24}},"loc":{"start":{"line":90,"column":35},"end":{"line":106,"column":3}},"line":90},"10":{"name":"(anonymous_10)","decl":{"start":{"line":99,"column":19},"end":{"line":99,"column":20}},"loc":{"start":{"line":99,"column":31},"end":{"line":102,"column":11}},"line":99},"11":{"name":"(anonymous_11)","decl":{"start":{"line":108,"column":31},"end":{"line":108,"column":32}},"loc":{"start":{"line":108,"column":89},"end":{"line":142,"column":3}},"line":108},"12":{"name":"(anonymous_12)","decl":{"start":{"line":138,"column":17},"end":{"line":138,"column":18}},"loc":{"start":{"line":138,"column":23},"end":{"line":140,"column":7}},"line":138}},"branchMap":{"0":{"loc":{"start":{"line":83,"column":26},"end":{"line":83,"column":63}},"type":"cond-expr","locations":[{"start":{"line":83,"column":47},"end":{"line":83,"column":54}},{"start":{"line":83,"column":57},"end":{"line":83,"column":63}}],"line":83},"1":{"loc":{"start":{"line":109,"column":4},"end":{"line":109,"column":43}},"type":"if","locations":[{"start":{"line":109,"column":4},"end":{"line":109,"column":43}},{"start":{},"end":{}}],"line":109},"2":{"loc":{"start":{"line":109,"column":8},"end":{"line":109,"column":34}},"type":"binary-expr","locations":[{"start":{"line":109,"column":8},"end":{"line":109,"column":18}},{"start":{"line":109,"column":22},"end":{"line":109,"column":34}}],"line":109},"3":{"loc":{"start":{"line":117,"column":6},"end":{"line":120,"column":7}},"type":"if","locations":[{"start":{"line":117,"column":6},"end":{"line":120,"column":7}},{"start":{},"end":{}}],"line":117},"4":{"loc":{"start":{"line":127,"column":6},"end":{"line":131,"column":7}},"type":"if","locations":[{"start":{"line":127,"column":6},"end":{"line":131,"column":7}},{"start":{"line":129,"column":13},"end":{"line":131,"column":7}}],"line":127},"5":{"loc":{"start":{"line":130,"column":29},"end":{"line":130,"column":74}},"type":"binary-expr","locations":[{"start":{"line":130,"column":29},"end":{"line":130,"column":45}},{"start":{"line":130,"column":49},"end":{"line":130,"column":74}}],"line":130},"6":{"loc":{"start":{"line":133,"column":23},"end":{"line":133,"column":69}},"type":"binary-expr","locations":[{"start":{"line":133,"column":23},"end":{"line":133,"column":36}},{"start":{"line":133,"column":40},"end":{"line":133,"column":69}}],"line":133},"7":{"loc":{"start":{"line":144,"column":2},"end":{"line":151,"column":3}},"type":"if","locations":[{"start":{"line":144,"column":2},"end":{"line":151,"column":3}},{"start":{},"end":{}}],"line":144},"8":{"loc":{"start":{"line":153,"column":2},"end":{"line":164,"column":3}},"type":"if","locations":[{"start":{"line":153,"column":2},"end":{"line":164,"column":3}},{"start":{},"end":{}}],"line":153},"9":{"loc":{"start":{"line":172,"column":26},"end":{"line":172,"column":71}},"type":"cond-expr","locations":[{"start":{"line":172,"column":39},"end":{"line":172,"column":48}},{"start":{"line":172,"column":51},"end":{"line":172,"column":71}}],"line":172},"10":{"loc":{"start":{"line":192,"column":28},"end":{"line":192,"column":61}},"type":"cond-expr","locations":[{"start":{"line":192,"column":40},"end":{"line":192,"column":47}},{"start":{"line":192,"column":50},"end":{"line":192,"column":61}}],"line":192},"11":{"loc":{"start":{"line":200,"column":9},"end":{"line":205,"column":9}},"type":"binary-expr","locations":[{"start":{"line":200,"column":9},"end":{"line":200,"column":21}},{"start":{"line":201,"column":10},"end":{"line":204,"column":17}}],"line":200}},"s":{"0":1,"1":1,"2":1,"3":1,"4":1,"5":1,"6":1,"7":1,"8":1,"9":1,"10":1,"11":1,"12":1,"13":1,"14":0,"15":0,"16":1,"17":0,"18":0,"19":1,"20":0,"21":0,"22":1,"23":0,"24":0,"25":0,"26":1,"27":0,"28":0,"29":0,"30":0,"31":0,"32":0,"33":0,"34":0,"35":0,"36":0,"37":0,"38":0,"39":0,"40":0,"41":0,"42":0,"43":0,"44":0,"45":0,"46":1,"47":0,"48":1,"49":0,"50":1,"51":1},"f":{"0":1,"1":1,"2":1,"3":0,"4":0,"5":0,"6":0,"7":0,"8":0,"9":0,"10":0,"11":0,"12":0},"b":{"0":[0,0],"1":[0,0],"2":[0,0],"3":[0,0],"4":[0,0],"5":[0,0],"6":[0,0],"7":[0,1],"8":[0,1],"9":[0,1],"10":[0,1],"11":[1,0]},"_coverageSchema":"1a1c01bbd47fc00a2c39e90264f33305004495a9","hash":"036d77620efb6a44c27ff9a4a7b8146373e254e4"}
,"/home/dwiki/Project/alhikmah-attendance-mobile/src/utils/storage.ts": {"path":"/home/dwiki/Project/alhikmah-attendance-mobile/src/utils/storage.ts","statementMap":{"0":{"start":{"line":3,"column":18},"end":{"line":3,"column":34}},"1":{"start":{"line":10,"column":2},"end":{"line":14,"column":3}},"2":{"start":{"line":11,"column":4},"end":{"line":11,"column":53}},"3":{"start":{"line":13,"column":4},"end":{"line":13,"column":64}},"4":{"start":{"line":22,"column":2},"end":{"line":27,"column":3}},"5":{"start":{"line":23,"column":4},"end":{"line":23,"column":53}},"6":{"start":{"line":25,"column":4},"end":{"line":25,"column":65}},"7":{"start":{"line":26,"column":4},"end":{"line":26,"column":16}},"8":{"start":{"line":34,"column":2},"end":{"line":38,"column":3}},"9":{"start":{"line":35,"column":4},"end":{"line":35,"column":49}},"10":{"start":{"line":37,"column":4},"end":{"line":37,"column":68}}},"fnMap":{"0":{"name":"saveToken","decl":{"start":{"line":9,"column":22},"end":{"line":9,"column":31}},"loc":{"start":{"line":9,"column":62},"end":{"line":15,"column":1}},"line":9},"1":{"name":"getToken","decl":{"start":{"line":21,"column":22},"end":{"line":21,"column":30}},"loc":{"start":{"line":21,"column":57},"end":{"line":28,"column":1}},"line":21},"2":{"name":"deleteToken","decl":{"start":{"line":33,"column":22},"end":{"line":33,"column":33}},"loc":{"start":{"line":33,"column":51},"end":{"line":39,"column":1}},"line":33}},"branchMap":{},"s":{"0":2,"1":1,"2":1,"3":0,"4":2,"5":2,"6":1,"7":1,"8":1,"9":1,"10":0},"f":{"0":1,"1":2,"2":1},"b":{},"_coverageSchema":"1a1c01bbd47fc00a2c39e90264f33305004495a9","hash":"a13244e53698e7bbfcf3d2d000b3bddee58de773"}
}
