TN:
SF:src/api/attendance.ts
FN:16,(anonymous_0)
FNF:1
FNH:1
FNDA:3,(anonymous_0)
DA:16,2
DA:17,3
DA:18,3
DA:21,1
DA:23,2
DA:24,1
DA:26,1
LF:7
LH:7
BRDA:23,0,0,1
BRDA:23,0,1,1
BRF:2
BRH:2
end_of_record
TN:
SF:src/api/auth.ts
FN:19,(anonymous_0)
FN:39,(anonymous_1)
FNF:2
FNH:2
FNDA:3,(anonymous_0)
FNDA:2,(anonymous_1)
DA:19,2
DA:20,3
DA:21,3
DA:26,1
DA:27,1
DA:30,1
DA:32,2
DA:33,1
DA:35,1
DA:39,2
DA:40,2
DA:41,2
DA:43,1
DA:45,2
LF:14
LH:14
BRDA:26,0,0,1
BRDA:26,0,1,0
BRDA:26,1,0,1
BRDA:26,1,1,1
BRDA:32,2,0,1
BRDA:32,2,1,1
BRF:6
BRH:5
end_of_record
TN:
SF:src/api/client.ts
FN:5,(anonymous_0)
FN:41,(anonymous_1)
FN:48,(anonymous_2)
FN:55,(anonymous_3)
FN:56,(anonymous_4)
FNF:5
FNH:4
FNDA:2,(anonymous_0)
FNDA:2,(anonymous_1)
FNDA:0,(anonymous_2)
FNDA:1,(anonymous_3)
FNDA:2,(anonymous_4)
DA:5,2
DA:7,2
DA:8,0
DA:12,2
DA:13,2
DA:14,2
DA:15,2
DA:16,0
DA:17,0
DA:18,0
DA:21,2
DA:26,0
DA:29,2
DA:31,2
DA:40,2
DA:42,2
DA:43,2
DA:44,1
DA:46,2
DA:49,0
DA:54,2
DA:55,1
DA:57,2
DA:58,1
DA:61,2
LF:25
LH:19
BRDA:7,0,0,0
BRDA:7,0,1,2
BRDA:12,1,0,2
BRDA:12,1,1,0
BRDA:15,2,0,0
BRDA:15,2,1,2
BRDA:17,3,0,0
BRDA:17,3,1,0
BRDA:43,4,0,1
BRDA:43,4,1,1
BRDA:43,5,0,2
BRDA:43,5,1,1
BRDA:57,6,0,1
BRDA:57,6,1,1
BRF:14
BRH:9
end_of_record
TN:
SF:src/screens/LoginScreen.tsx
FN:25,LoginScreen
FN:32,(anonymous_1)
FN:99,(anonymous_2)
FN:127,(anonymous_3)
FNF:4
FNH:2
FNDA:12,LoginScreen
FNDA:3,(anonymous_1)
FNDA:0,(anonymous_2)
FNDA:0,(anonymous_3)
DA:26,12
DA:27,12
DA:28,12
DA:29,12
DA:30,12
DA:32,12
DA:33,3
DA:34,1
DA:35,1
DA:38,2
DA:39,2
DA:40,2
DA:42,2
DA:43,1
DA:45,1
DA:48,0
DA:50,2
DA:54,12
DA:99,0
DA:127,0
DA:143,1
LF:21
LH:18
BRDA:33,0,0,1
BRDA:33,0,1,2
BRDA:33,1,0,3
BRDA:33,1,1,2
BRDA:42,2,0,1
BRDA:42,2,1,1
BRDA:45,3,0,1
BRDA:45,3,1,0
BRDA:48,4,0,0
BRDA:48,4,1,0
BRDA:57,5,0,12
BRDA:57,5,1,0
BRDA:103,6,0,0
BRDA:103,6,1,12
BRDA:113,7,0,12
BRDA:113,7,1,2
BRDA:117,8,0,2
BRDA:117,8,1,10
BRF:18
BRH:13
end_of_record
TN:
SF:src/screens/ScannerScreen.tsx
FN:30,ScannerScreen
FN:40,(anonymous_1)
FN:65,(anonymous_2)
FN:73,(anonymous_3)
FN:74,(anonymous_4)
FN:82,(anonymous_5)
FN:83,(anonymous_6)
FN:86,(anonymous_7)
FN:87,(anonymous_8)
FN:90,(anonymous_9)
FN:99,(anonymous_10)
FN:108,(anonymous_11)
FN:138,(anonymous_12)
FNF:13
FNH:3
FNDA:1,ScannerScreen
FNDA:1,(anonymous_1)
FNDA:1,(anonymous_2)
FNDA:0,(anonymous_3)
FNDA:0,(anonymous_4)
FNDA:0,(anonymous_5)
FNDA:0,(anonymous_6)
FNDA:0,(anonymous_7)
FNDA:0,(anonymous_8)
FNDA:0,(anonymous_9)
FNDA:0,(anonymous_10)
FNDA:0,(anonymous_11)
FNDA:0,(anonymous_12)
DA:27,1
DA:28,1
DA:31,1
DA:32,1
DA:33,1
DA:34,1
DA:35,1
DA:36,1
DA:38,1
DA:40,1
DA:41,1
DA:59,1
DA:65,1
DA:66,1
DA:73,0
DA:75,0
DA:82,1
DA:83,0
DA:86,1
DA:87,0
DA:90,1
DA:91,0
DA:100,0
DA:101,0
DA:108,1
DA:109,0
DA:111,0
DA:112,0
DA:114,0
DA:116,0
DA:117,0
DA:118,0
DA:119,0
DA:122,0
DA:125,0
DA:127,0
DA:128,0
DA:130,0
DA:133,0
DA:134,0
DA:136,0
DA:138,0
DA:139,0
DA:144,1
DA:146,0
DA:153,1
DA:155,0
DA:166,1
DA:211,1
LF:49
LH:22
BRDA:83,0,0,0
BRDA:83,0,1,0
BRDA:109,1,0,0
BRDA:109,1,1,0
BRDA:109,2,0,0
BRDA:109,2,1,0
BRDA:117,3,0,0
BRDA:117,3,1,0
BRDA:127,4,0,0
BRDA:127,4,1,0
BRDA:130,5,0,0
BRDA:130,5,1,0
BRDA:133,6,0,0
BRDA:133,6,1,0
BRDA:144,7,0,0
BRDA:144,7,1,1
BRDA:153,8,0,0
BRDA:153,8,1,1
BRDA:172,9,0,0
BRDA:172,9,1,1
BRDA:192,10,0,0
BRDA:192,10,1,1
BRDA:200,11,0,1
BRDA:200,11,1,0
BRF:24
BRH:5
end_of_record
TN:
SF:src/utils/storage.ts
FN:9,saveToken
FN:21,getToken
FN:33,deleteToken
FNF:3
FNH:3
FNDA:1,saveToken
FNDA:2,getToken
FNDA:1,deleteToken
DA:3,2
DA:10,1
DA:11,1
DA:13,0
DA:22,2
DA:23,2
DA:25,1
DA:26,1
DA:34,1
DA:35,1
DA:37,0
LF:11
LH:9
BRF:0
BRH:0
end_of_record
